<?xml version="1.0" encoding="UTF-8"?>
<testsuite name="za.ac.kidsfountain.TlharihaniApplicationTests" tests="1" skipped="0" failures="0" errors="0" timestamp="2016-10-08T11:25:20" hostname="Bulls" time="0.014">
  <properties/>
  <testcase name="contextLoads" classname="za.ac.kidsfountain.TlharihaniApplicationTests" time="0.014"/>
  <system-out><![CDATA[13:25:16.131 [Test worker] DEBUG org.springframework.test.context.junit4.SpringJUnit4ClassRunner - SpringJUnit4ClassRunner constructor called with [class za.ac.kidsfountain.TlharihaniApplicationTests]
13:25:16.135 [Test worker] DEBUG org.springframework.test.context.BootstrapUtils - Instantiating CacheAwareContextLoaderDelegate from class [org.springframework.test.context.cache.DefaultCacheAwareContextLoaderDelegate]
13:25:16.142 [Test worker] DEBUG org.springframework.test.context.BootstrapUtils - Instantiating BootstrapContext using constructor [public org.springframework.test.context.support.DefaultBootstrapContext(java.lang.Class,org.springframework.test.context.CacheAwareContextLoaderDelegate)]
13:25:16.155 [Test worker] DEBUG org.springframework.test.context.BootstrapUtils - Instantiating TestContextBootstrapper for test class [za.ac.kidsfountain.TlharihaniApplicationTests] from class [org.springframework.boot.test.context.SpringBootTestContextBootstrapper]
13:25:16.166 [Test worker] INFO org.springframework.boot.test.context.SpringBootTestContextBootstrapper - Neither @ContextConfiguration nor @ContextHierarchy found for test class [za.ac.kidsfountain.TlharihaniApplicationTests], using SpringBootContextLoader
13:25:16.169 [Test worker] DEBUG org.springframework.test.context.support.AbstractContextLoader - Did not detect default resource location for test class [za.ac.kidsfountain.TlharihaniApplicationTests]: class path resource [za/ac/kidsfountain/TlharihaniApplicationTests-context.xml] does not exist
13:25:16.169 [Test worker] DEBUG org.springframework.test.context.support.AbstractContextLoader - Did not detect default resource location for test class [za.ac.kidsfountain.TlharihaniApplicationTests]: class path resource [za/ac/kidsfountain/TlharihaniApplicationTestsContext.groovy] does not exist
13:25:16.169 [Test worker] INFO org.springframework.test.context.support.AbstractContextLoader - Could not detect default resource locations for test class [za.ac.kidsfountain.TlharihaniApplicationTests]: no resource found for suffixes {-context.xml, Context.groovy}.
13:25:16.170 [Test worker] INFO org.springframework.test.context.support.AnnotationConfigContextLoaderUtils - Could not detect default configuration classes for test class [za.ac.kidsfountain.TlharihaniApplicationTests]: TlharihaniApplicationTests does not declare any static, non-private, non-final, nested classes annotated with @Configuration.
13:25:16.201 [Test worker] DEBUG org.springframework.test.context.support.ActiveProfilesUtils - Could not find an 'annotation declaring class' for annotation type [org.springframework.test.context.ActiveProfiles] and class [za.ac.kidsfountain.TlharihaniApplicationTests]
13:25:16.234 [Test worker] DEBUG org.springframework.core.env.StandardEnvironment - Adding [systemProperties] PropertySource with lowest search precedence
13:25:16.235 [Test worker] DEBUG org.springframework.core.env.StandardEnvironment - Adding [systemEnvironment] PropertySource with lowest search precedence
13:25:16.235 [Test worker] DEBUG org.springframework.core.env.StandardEnvironment - Initialized StandardEnvironment with PropertySources [systemProperties,systemEnvironment]
13:25:16.243 [Test worker] DEBUG org.springframework.core.io.support.PathMatchingResourcePatternResolver - Resolved classpath location [za/ac/kidsfountain/] to resources [URL [file:/Users/tlharihani/Desktop/Glory%20project/kidzfountains-backend/build/classes/test/za/ac/kidsfountain/], URL [file:/Users/tlharihani/Desktop/Glory%20project/kidzfountains-backend/build/classes/main/za/ac/kidsfountain/]]
13:25:16.243 [Test worker] DEBUG org.springframework.core.io.support.PathMatchingResourcePatternResolver - Looking for matching resources in directory tree [/Users/tlharihani/Desktop/Glory project/kidzfountains-backend/build/classes/test/za/ac/kidsfountain]
13:25:16.244 [Test worker] DEBUG org.springframework.core.io.support.PathMatchingResourcePatternResolver - Searching directory [/Users/tlharihani/Desktop/Glory project/kidzfountains-backend/build/classes/test/za/ac/kidsfountain] for files matching pattern [/Users/tlharihani/Desktop/Glory project/kidzfountains-backend/build/classes/test/za/ac/kidsfountain/*.class]
13:25:16.247 [Test worker] DEBUG org.springframework.core.io.support.PathMatchingResourcePatternResolver - Looking for matching resources in directory tree [/Users/tlharihani/Desktop/Glory project/kidzfountains-backend/build/classes/main/za/ac/kidsfountain]
13:25:16.247 [Test worker] DEBUG org.springframework.core.io.support.PathMatchingResourcePatternResolver - Searching directory [/Users/tlharihani/Desktop/Glory project/kidzfountains-backend/build/classes/main/za/ac/kidsfountain] for files matching pattern [/Users/tlharihani/Desktop/Glory project/kidzfountains-backend/build/classes/main/za/ac/kidsfountain/*.class]
13:25:16.248 [Test worker] DEBUG org.springframework.core.io.support.PathMatchingResourcePatternResolver - Resolved location pattern [classpath*:za/ac/kidsfountain/*.class] to resources [file [/Users/tlharihani/Desktop/Glory project/kidzfountains-backend/build/classes/test/za/ac/kidsfountain/TlharihaniApplicationTests.class], file [/Users/tlharihani/Desktop/Glory project/kidzfountains-backend/build/classes/main/za/ac/kidsfountain/TlharihaniApplication.class]]
13:25:16.289 [Test worker] DEBUG org.springframework.context.annotation.ClassPathScanningCandidateComponentProvider - Identified candidate component class: file [/Users/tlharihani/Desktop/Glory project/kidzfountains-backend/build/classes/main/za/ac/kidsfountain/TlharihaniApplication.class]
13:25:16.290 [Test worker] INFO org.springframework.boot.test.context.SpringBootTestContextBootstrapper - Found @SpringBootConfiguration za.ac.kidsfountain.TlharihaniApplication for test class za.ac.kidsfountain.TlharihaniApplicationTests
13:25:16.292 [Test worker] DEBUG org.springframework.boot.test.context.SpringBootTestContextBootstrapper - @TestExecutionListeners is not present for class [za.ac.kidsfountain.TlharihaniApplicationTests]: using defaults.
13:25:16.296 [Test worker] INFO org.springframework.boot.test.context.SpringBootTestContextBootstrapper - Loaded default TestExecutionListener class names from location [META-INF/spring.factories]: [org.springframework.boot.test.mock.mockito.MockitoTestExecutionListener, org.springframework.boot.test.mock.mockito.ResetMocksTestExecutionListener, org.springframework.boot.test.autoconfigure.AutoConfigureReportTestExecutionListener, org.springframework.boot.test.autoconfigure.restdocs.RestDocsTestExecutionListener, org.springframework.boot.test.autoconfigure.web.client.MockRestServiceServerResetTestExecutionListener, org.springframework.test.context.web.ServletTestExecutionListener, org.springframework.test.context.support.DirtiesContextBeforeModesTestExecutionListener, org.springframework.test.context.support.DependencyInjectionTestExecutionListener, org.springframework.test.context.support.DirtiesContextTestExecutionListener, org.springframework.test.context.transaction.TransactionalTestExecutionListener, org.springframework.test.context.jdbc.SqlScriptsTestExecutionListener]
13:25:16.311 [Test worker] INFO org.springframework.boot.test.context.SpringBootTestContextBootstrapper - Using TestExecutionListeners: [org.springframework.test.context.web.ServletTestExecutionListener@6991572, org.springframework.test.context.support.DirtiesContextBeforeModesTestExecutionListener@78bded5b, org.springframework.boot.test.autoconfigure.AutoConfigureReportTestExecutionListener@4fc52c15, org.springframework.test.context.support.DependencyInjectionTestExecutionListener@7bd83d1, org.springframework.test.context.support.DirtiesContextTestExecutionListener@49c124d1, org.springframework.test.context.transaction.TransactionalTestExecutionListener@5e01df87, org.springframework.test.context.jdbc.SqlScriptsTestExecutionListener@3842e5d6, org.springframework.boot.test.autoconfigure.restdocs.RestDocsTestExecutionListener@538a4a04, org.springframework.boot.test.autoconfigure.web.client.MockRestServiceServerResetTestExecutionListener@13ad0b08, org.springframework.boot.test.mock.mockito.ResetMocksTestExecutionListener@4380031d, org.springframework.boot.test.mock.mockito.MockitoTestExecutionListener@6cc332ee]
13:25:16.313 [Test worker] DEBUG org.springframework.test.annotation.ProfileValueUtils - Retrieved @ProfileValueSourceConfiguration [null] for test class [za.ac.kidsfountain.TlharihaniApplicationTests]
13:25:16.314 [Test worker] DEBUG org.springframework.test.annotation.ProfileValueUtils - Retrieved ProfileValueSource type [class org.springframework.test.annotation.SystemProfileValueSource] for class [za.ac.kidsfountain.TlharihaniApplicationTests]
13:25:16.315 [Test worker] DEBUG org.springframework.test.annotation.ProfileValueUtils - Retrieved @ProfileValueSourceConfiguration [null] for test class [za.ac.kidsfountain.TlharihaniApplicationTests]
13:25:16.315 [Test worker] DEBUG org.springframework.test.annotation.ProfileValueUtils - Retrieved ProfileValueSource type [class org.springframework.test.annotation.SystemProfileValueSource] for class [za.ac.kidsfountain.TlharihaniApplicationTests]
13:25:16.319 [Test worker] DEBUG org.springframework.test.context.support.AbstractDirtiesContextTestExecutionListener - Before test class: context [DefaultTestContext@3087adde testClass = TlharihaniApplicationTests, testInstance = [null], testMethod = [null], testException = [null], mergedContextConfiguration = [WebMergedContextConfiguration@4550c177 testClass = TlharihaniApplicationTests, locations = '{}', classes = '{class za.ac.kidsfountain.TlharihaniApplication}', contextInitializerClasses = '[]', activeProfiles = '{}', propertySourceLocations = '{}', propertySourceProperties = '{org.springframework.boot.test.context.SpringBootTestContextBootstrapper=true}', contextCustomizers = set[org.springframework.boot.test.context.SpringBootTestContextCustomizer@79cc1c23, org.springframework.boot.test.context.filter.ExcludeFilterContextCustomizer@5eb8d8c7, org.springframework.boot.test.mock.mockito.MockitoContextCustomizer@0, org.springframework.boot.test.autoconfigure.properties.PropertyMappingContextCustomizer@0], resourceBasePath = 'src/main/webapp', contextLoader = 'org.springframework.boot.test.context.SpringBootContextLoader', parent = [null]]], class annotated with @DirtiesContext [false] with mode [null].
13:25:16.320 [Test worker] DEBUG org.springframework.test.annotation.ProfileValueUtils - Retrieved @ProfileValueSourceConfiguration [null] for test class [za.ac.kidsfountain.TlharihaniApplicationTests]
13:25:16.320 [Test worker] DEBUG org.springframework.test.annotation.ProfileValueUtils - Retrieved ProfileValueSource type [class org.springframework.test.annotation.SystemProfileValueSource] for class [za.ac.kidsfountain.TlharihaniApplicationTests]
13:25:16.342 [Test worker] DEBUG org.springframework.core.env.StandardEnvironment - Adding [systemProperties] PropertySource with lowest search precedence
13:25:16.342 [Test worker] DEBUG org.springframework.core.env.StandardEnvironment - Adding [systemEnvironment] PropertySource with lowest search precedence
13:25:16.342 [Test worker] DEBUG org.springframework.core.env.StandardEnvironment - Initialized StandardEnvironment with PropertySources [systemProperties,systemEnvironment]
13:25:16.343 [Test worker] DEBUG org.springframework.test.context.support.TestPropertySourceUtils - Adding inlined properties to environment: {spring.jmx.enabled=false, org.springframework.boot.test.context.SpringBootTestContextBootstrapper=true, server.port=-1}
13:25:16.343 [Test worker] DEBUG org.springframework.core.env.StandardEnvironment - Adding [Inlined Test Properties] PropertySource with highest search precedence

  .   ____          _            __ _ _
 /\\ / ___'_ __ _ _(_)_ __  __ _ \ \ \ \
( ( )\___ | '_ | '_| | '_ \/ _` | \ \ \ \
 \\/  ___)| |_)| | | | | || (_| |  ) ) ) )
  '  |____| .__|_| |_|_| |_\__, | / / / /
 =========|_|==============|___/=/_/_/_/
 :: Spring Boot ::        (v1.4.0.RELEASE)

2016-10-08 13:25:16.704  INFO 81361 --- [    Test worker] z.a.k.TlharihaniApplicationTests         : Starting TlharihaniApplicationTests on Bulls with PID 81361 (started by tlharihani in /Users/tlharihani/Desktop/Glory project/kidzfountains-backend)
2016-10-08 13:25:16.704  INFO 81361 --- [    Test worker] z.a.k.TlharihaniApplicationTests         : The following profiles are active: dev
2016-10-08 13:25:16.737  INFO 81361 --- [    Test worker] o.s.w.c.s.GenericWebApplicationContext   : Refreshing org.springframework.web.context.support.GenericWebApplicationContext@13f7e460: startup date [Sat Oct 08 13:25:16 SAST 2016]; root of context hierarchy
2016-10-08 13:25:17.919  INFO 81361 --- [    Test worker] trationDelegate$BeanPostProcessorChecker : Bean 'org.springframework.transaction.annotation.ProxyTransactionManagementConfiguration' of type [class org.springframework.transaction.annotation.ProxyTransactionManagementConfiguration$$EnhancerBySpringCGLIB$$8da8f527] is not eligible for getting processed by all BeanPostProcessors (for example: not eligible for auto-proxying)
2016-10-08 13:25:18.034  INFO 81361 --- [    Test worker] trationDelegate$BeanPostProcessorChecker : Bean 'spring.data.rest-org.springframework.boot.autoconfigure.data.rest.RepositoryRestProperties' of type [class org.springframework.boot.autoconfigure.data.rest.RepositoryRestProperties] is not eligible for getting processed by all BeanPostProcessors (for example: not eligible for auto-proxying)
2016-10-08 13:25:18.058  INFO 81361 --- [    Test worker] trationDelegate$BeanPostProcessorChecker : Bean 'org.springframework.boot.autoconfigure.data.rest.RepositoryRestMvcAutoConfiguration' of type [class org.springframework.boot.autoconfigure.data.rest.RepositoryRestMvcAutoConfiguration$$EnhancerBySpringCGLIB$$cbb74619] is not eligible for getting processed by all BeanPostProcessors (for example: not eligible for auto-proxying)
2016-10-08 13:25:18.077  INFO 81361 --- [    Test worker] trationDelegate$BeanPostProcessorChecker : Bean 'spring.jackson-org.springframework.boot.autoconfigure.jackson.JacksonProperties' of type [class org.springframework.boot.autoconfigure.jackson.JacksonProperties] is not eligible for getting processed by all BeanPostProcessors (for example: not eligible for auto-proxying)
2016-10-08 13:25:18.082  INFO 81361 --- [    Test worker] trationDelegate$BeanPostProcessorChecker : Bean 'org.springframework.boot.autoconfigure.jackson.JacksonAutoConfiguration$Jackson2ObjectMapperBuilderCustomizerConfiguration' of type [class org.springframework.boot.autoconfigure.jackson.JacksonAutoConfiguration$Jackson2ObjectMapperBuilderCustomizerConfiguration$$EnhancerBySpringCGLIB$$56a01cc0] is not eligible for getting processed by all BeanPostProcessors (for example: not eligible for auto-proxying)
2016-10-08 13:25:18.089  INFO 81361 --- [    Test worker] trationDelegate$BeanPostProcessorChecker : Bean 'standardJacksonObjectMapperBuilderCustomizer' of type [class org.springframework.boot.autoconfigure.jackson.JacksonAutoConfiguration$Jackson2ObjectMapperBuilderCustomizerConfiguration$StandardJackson2ObjectMapperBuilderCustomizer] is not eligible for getting processed by all BeanPostProcessors (for example: not eligible for auto-proxying)
2016-10-08 13:25:18.093  INFO 81361 --- [    Test worker] trationDelegate$BeanPostProcessorChecker : Bean 'org.springframework.boot.autoconfigure.jackson.JacksonAutoConfiguration$JacksonObjectMapperBuilderConfiguration' of type [class org.springframework.boot.autoconfigure.jackson.JacksonAutoConfiguration$JacksonObjectMapperBuilderConfiguration$$EnhancerBySpringCGLIB$$9b8936d1] is not eligible for getting processed by all BeanPostProcessors (for example: not eligible for auto-proxying)
2016-10-08 13:25:18.101  INFO 81361 --- [    Test worker] trationDelegate$BeanPostProcessorChecker : Bean 'org.springframework.boot.autoconfigure.jackson.JacksonAutoConfiguration' of type [class org.springframework.boot.autoconfigure.jackson.JacksonAutoConfiguration$$EnhancerBySpringCGLIB$$cb481247] is not eligible for getting processed by all BeanPostProcessors (for example: not eligible for auto-proxying)
2016-10-08 13:25:18.121  INFO 81361 --- [    Test worker] trationDelegate$BeanPostProcessorChecker : Bean 'jsonComponentModule' of type [class org.springframework.boot.jackson.JsonComponentModule] is not eligible for getting processed by all BeanPostProcessors (for example: not eligible for auto-proxying)
2016-10-08 13:25:18.124  INFO 81361 --- [    Test worker] trationDelegate$BeanPostProcessorChecker : Bean 'org.springframework.data.web.config.SpringDataJacksonConfiguration' of type [class org.springframework.data.web.config.SpringDataJacksonConfiguration$$EnhancerBySpringCGLIB$$c64f68fb] is not eligible for getting processed by all BeanPostProcessors (for example: not eligible for auto-proxying)
2016-10-08 13:25:18.131  INFO 81361 --- [    Test worker] trationDelegate$BeanPostProcessorChecker : Bean 'jacksonGeoModule' of type [class org.springframework.data.geo.GeoModule] is not eligible for getting processed by all BeanPostProcessors (for example: not eligible for auto-proxying)
2016-10-08 13:25:18.134  INFO 81361 --- [    Test worker] trationDelegate$BeanPostProcessorChecker : Bean 'jacksonObjectMapperBuilder' of type [class org.springframework.http.converter.json.Jackson2ObjectMapperBuilder] is not eligible for getting processed by all BeanPostProcessors (for example: not eligible for auto-proxying)
2016-10-08 13:25:18.135  INFO 81361 --- [    Test worker] trationDelegate$BeanPostProcessorChecker : Bean 'springBootRepositoryRestConfigurer' of type [class org.springframework.boot.autoconfigure.data.rest.SpringBootRepositoryRestConfigurer] is not eligible for getting processed by all BeanPostProcessors (for example: not eligible for auto-proxying)
2016-10-08 13:25:18.141  INFO 81361 --- [    Test worker] trationDelegate$BeanPostProcessorChecker : Bean 'defaultRelProvider' of type [class org.springframework.hateoas.core.EvoInflectorRelProvider] is not eligible for getting processed by all BeanPostProcessors (for example: not eligible for auto-proxying)
2016-10-08 13:25:18.144  INFO 81361 --- [    Test worker] trationDelegate$BeanPostProcessorChecker : Bean 'annotationRelProvider' of type [class org.springframework.hateoas.core.AnnotationRelProvider] is not eligible for getting processed by all BeanPostProcessors (for example: not eligible for auto-proxying)
2016-10-08 13:25:18.151  INFO 81361 --- [    Test worker] trationDelegate$BeanPostProcessorChecker : Bean '(inner bean)#5a3ae977' of type [class org.springframework.plugin.core.support.PluginRegistryFactoryBean] is not eligible for getting processed by all BeanPostProcessors (for example: not eligible for auto-proxying)
2016-10-08 13:25:18.159  INFO 81361 --- [    Test worker] trationDelegate$BeanPostProcessorChecker : Bean '(inner bean)#5a3ae977' of type [class org.springframework.plugin.core.OrderAwarePluginRegistry] is not eligible for getting processed by all BeanPostProcessors (for example: not eligible for auto-proxying)
2016-10-08 13:25:18.162  INFO 81361 --- [    Test worker] trationDelegate$BeanPostProcessorChecker : Bean '_relProvider' of type [class org.springframework.hateoas.core.DelegatingRelProvider] is not eligible for getting processed by all BeanPostProcessors (for example: not eligible for auto-proxying)
2016-10-08 13:25:18.165  INFO 81361 --- [    Test worker] trationDelegate$BeanPostProcessorChecker : Bean 'org.springframework.boot.autoconfigure.data.rest.SpringBootRepositoryRestMvcConfiguration' of type [class org.springframework.boot.autoconfigure.data.rest.SpringBootRepositoryRestMvcConfiguration$$EnhancerBySpringCGLIB$$13a4be47] is not eligible for getting processed by all BeanPostProcessors (for example: not eligible for auto-proxying)
2016-10-08 13:25:18.406  INFO 81361 --- [    Test worker] j.LocalContainerEntityManagerFactoryBean : Building JPA container EntityManagerFactory for persistence unit 'default'
2016-10-08 13:25:18.423  INFO 81361 --- [    Test worker] o.hibernate.jpa.internal.util.LogHelper  : HHH000204: Processing PersistenceUnitInfo [
	name: default
	...]
2016-10-08 13:25:18.481  INFO 81361 --- [    Test worker] org.hibernate.Version                    : HHH000412: Hibernate Core {5.0.9.Final}
2016-10-08 13:25:18.482  INFO 81361 --- [    Test worker] org.hibernate.cfg.Environment            : HHH000206: hibernate.properties not found
2016-10-08 13:25:18.483  INFO 81361 --- [    Test worker] org.hibernate.cfg.Environment            : HHH000021: Bytecode provider name : javassist
2016-10-08 13:25:18.519  INFO 81361 --- [    Test worker] o.hibernate.annotations.common.Version   : HCANN000001: Hibernate Commons Annotations {5.0.1.Final}
2016-10-08 13:25:19.136  INFO 81361 --- [    Test worker] org.hibernate.dialect.Dialect            : HHH000400: Using dialect: org.hibernate.dialect.MySQL5Dialect
2016-10-08 13:25:19.494  INFO 81361 --- [    Test worker] org.hibernate.tool.hbm2ddl.SchemaUpdate  : HHH000228: Running hbm2ddl schema update
2016-10-08 13:25:19.638  INFO 81361 --- [    Test worker] j.LocalContainerEntityManagerFactoryBean : Initialized JPA EntityManagerFactory for persistence unit 'default'
2016-10-08 13:25:19.905  INFO 81361 --- [    Test worker] o.s.b.f.config.PropertiesFactoryBean     : Loading properties file from class path resource [rest-default-messages.properties]
2016-10-08 13:25:20.401  INFO 81361 --- [    Test worker] s.w.s.m.m.a.RequestMappingHandlerAdapter : Looking for @ControllerAdvice: org.springframework.web.context.support.GenericWebApplicationContext@13f7e460: startup date [Sat Oct 08 13:25:16 SAST 2016]; root of context hierarchy
2016-10-08 13:25:20.457  INFO 81361 --- [    Test worker] s.w.s.m.m.a.RequestMappingHandlerMapping : Mapped "{[/admin/create],methods=[POST]}" onto public org.springframework.http.ResponseEntity za.ac.kidsfountain.Controllers.AdminController.createAdmin(java.lang.String)
2016-10-08 13:25:20.457  INFO 81361 --- [    Test worker] s.w.s.m.m.a.RequestMappingHandlerMapping : Mapped "{[/admin/staff/send/email],methods=[POST]}" onto public org.springframework.http.ResponseEntity za.ac.kidsfountain.Controllers.AdminController.sendEmail(java.lang.String)
2016-10-08 13:25:20.458  INFO 81361 --- [    Test worker] s.w.s.m.m.a.RequestMappingHandlerMapping : Mapped "{[/admin/setpassword],methods=[POST]}" onto public org.springframework.http.ResponseEntity za.ac.kidsfountain.Controllers.AdminController.updatePassword(java.lang.String)
2016-10-08 13:25:20.458  INFO 81361 --- [    Test worker] s.w.s.m.m.a.RequestMappingHandlerMapping : Mapped "{[/admin/clearpassword],methods=[POST]}" onto public org.springframework.http.ResponseEntity za.ac.kidsfountain.Controllers.AdminController.clearPassword(java.lang.String)
2016-10-08 13:25:20.458  INFO 81361 --- [    Test worker] s.w.s.m.m.a.RequestMappingHandlerMapping : Mapped "{[/admin/staff],methods=[POST]}" onto public org.springframework.http.ResponseEntity za.ac.kidsfountain.Controllers.AdminController.getBystaffNumber(java.lang.String)
2016-10-08 13:25:20.458  INFO 81361 --- [    Test worker] s.w.s.m.m.a.RequestMappingHandlerMapping : Mapped "{[/admin],methods=[GET]}" onto public org.springframework.http.ResponseEntity za.ac.kidsfountain.Controllers.AdminController.getAllAdmin()
2016-10-08 13:25:20.458  INFO 81361 --- [    Test worker] s.w.s.m.m.a.RequestMappingHandlerMapping : Mapped "{[/admin/staff/staffNumber],methods=[POST]}" onto public org.springframework.http.ResponseEntity za.ac.kidsfountain.Controllers.AdminController.getAdminBySN(java.lang.String)
2016-10-08 13:25:20.458  INFO 81361 --- [    Test worker] s.w.s.m.m.a.RequestMappingHandlerMapping : Mapped "{[/admin],methods=[DELETE]}" onto public org.springframework.http.ResponseEntity za.ac.kidsfountain.Controllers.AdminController.deleteAdmin(java.lang.String)
2016-10-08 13:25:20.459  INFO 81361 --- [    Test worker] s.w.s.m.m.a.RequestMappingHandlerMapping : Mapped "{[/admin],methods=[POST]}" onto public org.springframework.http.ResponseEntity za.ac.kidsfountain.Controllers.AdminController.updateAdmin(java.lang.String)
2016-10-08 13:25:20.459  INFO 81361 --- [    Test worker] s.w.s.m.m.a.RequestMappingHandlerMapping : Mapped "{[/admin/staff/send/email/all],methods=[POST]}" onto public org.springframework.http.ResponseEntity za.ac.kidsfountain.Controllers.AdminController.sendEmailToAllStaff(java.lang.String)
2016-10-08 13:25:20.459  INFO 81361 --- [    Test worker] s.w.s.m.m.a.RequestMappingHandlerMapping : Mapped "{[/admin/login],methods=[POST]}" onto public org.springframework.http.ResponseEntity za.ac.kidsfountain.Controllers.AdminController.login(java.lang.String)
2016-10-08 13:25:20.460  INFO 81361 --- [    Test worker] s.w.s.m.m.a.RequestMappingHandlerMapping : Mapped "{[/application/getApplication],methods=[POST]}" onto public org.springframework.http.ResponseEntity za.ac.kidsfountain.Controllers.ApplicationController.getAppl()
2016-10-08 13:25:20.460  INFO 81361 --- [    Test worker] s.w.s.m.m.a.RequestMappingHandlerMapping : Mapped "{[/application/setApplicationStatus],methods=[POST]}" onto public org.springframework.http.ResponseEntity za.ac.kidsfountain.Controllers.ApplicationController.setApplicationStatus(java.lang.String)
2016-10-08 13:25:20.461  INFO 81361 --- [    Test worker] s.w.s.m.m.a.RequestMappingHandlerMapping : Mapped "{[/application/setRegistrationStatus],methods=[POST]}" onto public org.springframework.http.ResponseEntity za.ac.kidsfountain.Controllers.ApplicationController.setRegistrationStatus(java.lang.String)
2016-10-08 13:25:20.464  INFO 81361 --- [    Test worker] s.w.s.m.m.a.RequestMappingHandlerMapping : Mapped "{[/events/delete],methods=[DELETE]}" onto public org.springframework.http.ResponseEntity za.ac.kidsfountain.Controllers.EventsController.delete(java.lang.String)
2016-10-08 13:25:20.464  INFO 81361 --- [    Test worker] s.w.s.m.m.a.RequestMappingHandlerMapping : Mapped "{[/events/create],methods=[PUT]}" onto public org.springframework.http.ResponseEntity za.ac.kidsfountain.Controllers.EventsController.createEvent(java.lang.String)
2016-10-08 13:25:20.464  INFO 81361 --- [    Test worker] s.w.s.m.m.a.RequestMappingHandlerMapping : Mapped "{[/events/update],methods=[POST]}" onto public org.springframework.http.ResponseEntity za.ac.kidsfountain.Controllers.EventsController.upatedEvent(java.lang.String)
2016-10-08 13:25:20.464  INFO 81361 --- [    Test worker] s.w.s.m.m.a.RequestMappingHandlerMapping : Mapped "{[/events],methods=[GET]}" onto public org.springframework.http.ResponseEntity za.ac.kidsfountain.Controllers.EventsController.getAllEvents()
2016-10-08 13:25:20.465  INFO 81361 --- [    Test worker] s.w.s.m.m.a.RequestMappingHandlerMapping : Mapped "{[/events/notActive],methods=[GET]}" onto public org.springframework.http.ResponseEntity za.ac.kidsfountain.Controllers.EventsController.getNotActive()
2016-10-08 13:25:20.465  INFO 81361 --- [    Test worker] s.w.s.m.m.a.RequestMappingHandlerMapping : Mapped "{[/events/active],methods=[GET]}" onto public org.springframework.http.ResponseEntity za.ac.kidsfountain.Controllers.EventsController.getActive()
2016-10-08 13:25:20.466  INFO 81361 --- [    Test worker] s.w.s.m.m.a.RequestMappingHandlerMapping : Mapped "{[/superadmin],methods=[PUT]}" onto public org.springframework.http.ResponseEntity za.ac.kidsfountain.Controllers.SuperAdminController.createAdmin(java.lang.String)
2016-10-08 13:25:20.466  INFO 81361 --- [    Test worker] s.w.s.m.m.a.RequestMappingHandlerMapping : Mapped "{[/superadmin/login],methods=[POST]}" onto public org.springframework.http.ResponseEntity za.ac.kidsfountain.Controllers.SuperAdminController.login(java.lang.String)
2016-10-08 13:25:20.466  INFO 81361 --- [    Test worker] s.w.s.m.m.a.RequestMappingHandlerMapping : Mapped "{[/superadmin/admin],methods=[POST]}" onto public org.springframework.http.ResponseEntity za.ac.kidsfountain.Controllers.SuperAdminController.getAdmin(java.lang.String)
2016-10-08 13:25:20.468  INFO 81361 --- [    Test worker] s.w.s.m.m.a.RequestMappingHandlerMapping : Mapped "{[/users/register],methods=[POST]}" onto public org.springframework.http.ResponseEntity za.ac.kidsfountain.Controllers.UserController.register(java.lang.String)
2016-10-08 13:25:20.468  INFO 81361 --- [    Test worker] s.w.s.m.m.a.RequestMappingHandlerMapping : Mapped "{[/users/send/email/user],methods=[POST]}" onto public org.springframework.http.ResponseEntity za.ac.kidsfountain.Controllers.UserController.sendEmail(java.lang.String)
2016-10-08 13:25:20.468  INFO 81361 --- [    Test worker] s.w.s.m.m.a.RequestMappingHandlerMapping : Mapped "{[/users/clearpassword],methods=[POST]}" onto public org.springframework.http.ResponseEntity za.ac.kidsfountain.Controllers.UserController.clearPassword(java.lang.String)
2016-10-08 13:25:20.468  INFO 81361 --- [    Test worker] s.w.s.m.m.a.RequestMappingHandlerMapping : Mapped "{[/users],methods=[PUT]}" onto public org.springframework.http.ResponseEntity za.ac.kidsfountain.Controllers.UserController.createUser(java.lang.String)
2016-10-08 13:25:20.469  INFO 81361 --- [    Test worker] s.w.s.m.m.a.RequestMappingHandlerMapping : Mapped "{[/users/setpassword],methods=[POST]}" onto public org.springframework.http.ResponseEntity za.ac.kidsfountain.Controllers.UserController.setPassword(java.lang.String)
2016-10-08 13:25:20.469  INFO 81361 --- [    Test worker] s.w.s.m.m.a.RequestMappingHandlerMapping : Mapped "{[/users/login],methods=[POST]}" onto public org.springframework.http.ResponseEntity za.ac.kidsfountain.Controllers.UserController.login(java.lang.String)
2016-10-08 13:25:20.469  INFO 81361 --- [    Test worker] s.w.s.m.m.a.RequestMappingHandlerMapping : Mapped "{[/users/approve],methods=[POST]}" onto public org.springframework.http.ResponseEntity za.ac.kidsfountain.Controllers.UserController.approve(java.lang.String)
2016-10-08 13:25:20.469  INFO 81361 --- [    Test worker] s.w.s.m.m.a.RequestMappingHandlerMapping : Mapped "{[/users],methods=[GET]}" onto public org.springframework.http.ResponseEntity za.ac.kidsfountain.Controllers.UserController.getAllUsers()
2016-10-08 13:25:20.469  INFO 81361 --- [    Test worker] s.w.s.m.m.a.RequestMappingHandlerMapping : Mapped "{[/users/deregister],methods=[POST]}" onto public org.springframework.http.ResponseEntity za.ac.kidsfountain.Controllers.UserController.deRegister(java.lang.String)
2016-10-08 13:25:20.469  INFO 81361 --- [    Test worker] s.w.s.m.m.a.RequestMappingHandlerMapping : Mapped "{[/users/decline],methods=[POST]}" onto public org.springframework.http.ResponseEntity za.ac.kidsfountain.Controllers.UserController.decline(java.lang.String)
2016-10-08 13:25:20.469  INFO 81361 --- [    Test worker] s.w.s.m.m.a.RequestMappingHandlerMapping : Mapped "{[/users/user],methods=[POST]}" onto public org.springframework.http.ResponseEntity za.ac.kidsfountain.Controllers.UserController.getSingleUser(java.lang.String)
2016-10-08 13:25:20.470  INFO 81361 --- [    Test worker] s.w.s.m.m.a.RequestMappingHandlerMapping : Mapped "{[/users/user/idNumber],methods=[POST]}" onto public org.springframework.http.ResponseEntity za.ac.kidsfountain.Controllers.UserController.getSingleUserById(java.lang.String)
2016-10-08 13:25:20.470  INFO 81361 --- [    Test worker] s.w.s.m.m.a.RequestMappingHandlerMapping : Mapped "{[/users],methods=[POST]}" onto public org.springframework.http.ResponseEntity za.ac.kidsfountain.Controllers.UserController.upadetUser(java.lang.String)
2016-10-08 13:25:20.470  INFO 81361 --- [    Test worker] s.w.s.m.m.a.RequestMappingHandlerMapping : Mapped "{[/users],methods=[DELETE]}" onto public org.springframework.http.ResponseEntity za.ac.kidsfountain.Controllers.UserController.deleteUser(java.lang.String)
2016-10-08 13:25:20.470  INFO 81361 --- [    Test worker] s.w.s.m.m.a.RequestMappingHandlerMapping : Mapped "{[/users/send/email/users],methods=[POST]}" onto public org.springframework.http.ResponseEntity za.ac.kidsfountain.Controllers.UserController.sendEmailToAllUsers(java.lang.String)
2016-10-08 13:25:20.472  INFO 81361 --- [    Test worker] s.w.s.m.m.a.RequestMappingHandlerMapping : Mapped "{[/error]}" onto public org.springframework.http.ResponseEntity<java.util.Map<java.lang.String, java.lang.Object>> org.springframework.boot.autoconfigure.web.BasicErrorController.error(javax.servlet.http.HttpServletRequest)
2016-10-08 13:25:20.472  INFO 81361 --- [    Test worker] s.w.s.m.m.a.RequestMappingHandlerMapping : Mapped "{[/error],produces=[text/html]}" onto public org.springframework.web.servlet.ModelAndView org.springframework.boot.autoconfigure.web.BasicErrorController.errorHtml(javax.servlet.http.HttpServletRequest,javax.servlet.http.HttpServletResponse)
2016-10-08 13:25:20.497  INFO 81361 --- [    Test worker] o.s.w.s.handler.SimpleUrlHandlerMapping  : Mapped URL path [/webjars/**] onto handler of type [class org.springframework.web.servlet.resource.ResourceHttpRequestHandler]
2016-10-08 13:25:20.497  INFO 81361 --- [    Test worker] o.s.w.s.handler.SimpleUrlHandlerMapping  : Mapped URL path [/**] onto handler of type [class org.springframework.web.servlet.resource.ResourceHttpRequestHandler]
2016-10-08 13:25:20.509  INFO 81361 --- [    Test worker] .m.m.a.ExceptionHandlerExceptionResolver : Detected @ExceptionHandler methods in repositoryRestExceptionHandler
2016-10-08 13:25:20.529  INFO 81361 --- [    Test worker] o.s.w.s.handler.SimpleUrlHandlerMapping  : Mapped URL path [/**/favicon.ico] onto handler of type [class org.springframework.web.servlet.resource.ResourceHttpRequestHandler]
2016-10-08 13:25:20.638  INFO 81361 --- [    Test worker] o.s.d.r.w.RepositoryRestHandlerAdapter   : Looking for @ControllerAdvice: org.springframework.web.context.support.GenericWebApplicationContext@13f7e460: startup date [Sat Oct 08 13:25:16 SAST 2016]; root of context hierarchy
2016-10-08 13:25:20.644  INFO 81361 --- [    Test worker] o.s.d.r.w.RepositoryRestHandlerMapping   : Mapped "{[/ || ],methods=[HEAD],produces=[application/hal+json || application/json || application/*+json;charset=UTF-8]}" onto public org.springframework.http.ResponseEntity<?> org.springframework.data.rest.webmvc.RepositoryController.headForRepositories()
2016-10-08 13:25:20.644  INFO 81361 --- [    Test worker] o.s.d.r.w.RepositoryRestHandlerMapping   : Mapped "{[/ || ],methods=[OPTIONS],produces=[application/hal+json || application/json || application/*+json;charset=UTF-8]}" onto public org.springframework.http.HttpEntity<?> org.springframework.data.rest.webmvc.RepositoryController.optionsForRepositories()
2016-10-08 13:25:20.645  INFO 81361 --- [    Test worker] o.s.d.r.w.RepositoryRestHandlerMapping   : Mapped "{[/ || ],methods=[GET],produces=[application/hal+json || application/json || application/*+json;charset=UTF-8]}" onto public org.springframework.http.HttpEntity<org.springframework.data.rest.webmvc.RepositoryLinksResource> org.springframework.data.rest.webmvc.RepositoryController.listRepositories()
2016-10-08 13:25:20.646  INFO 81361 --- [    Test worker] o.s.d.r.w.RepositoryRestHandlerMapping   : Mapped "{[/{repository}],methods=[OPTIONS],produces=[application/hal+json || application/json || application/*+json;charset=UTF-8]}" onto public org.springframework.http.ResponseEntity<?> org.springframework.data.rest.webmvc.RepositoryEntityController.optionsForCollectionResource(org.springframework.data.rest.webmvc.RootResourceInformation)
2016-10-08 13:25:20.646  INFO 81361 --- [    Test worker] o.s.d.r.w.RepositoryRestHandlerMapping   : Mapped "{[/{repository}],methods=[HEAD],produces=[application/hal+json || application/json || application/*+json;charset=UTF-8]}" onto public org.springframework.http.ResponseEntity<?> org.springframework.data.rest.webmvc.RepositoryEntityController.headCollectionResource(org.springframework.data.rest.webmvc.RootResourceInformation,org.springframework.data.rest.webmvc.support.DefaultedPageable) throws org.springframework.web.HttpRequestMethodNotSupportedException
2016-10-08 13:25:20.647  INFO 81361 --- [    Test worker] o.s.d.r.w.RepositoryRestHandlerMapping   : Mapped "{[/{repository}],methods=[GET],produces=[application/hal+json || application/json || application/*+json;charset=UTF-8]}" onto public org.springframework.hateoas.Resources<?> org.springframework.data.rest.webmvc.RepositoryEntityController.getCollectionResource(org.springframework.data.rest.webmvc.RootResourceInformation,org.springframework.data.rest.webmvc.support.DefaultedPageable,org.springframework.data.domain.Sort,org.springframework.data.rest.webmvc.PersistentEntityResourceAssembler) throws org.springframework.data.rest.webmvc.ResourceNotFoundException,org.springframework.web.HttpRequestMethodNotSupportedException
2016-10-08 13:25:20.647  INFO 81361 --- [    Test worker] o.s.d.r.w.RepositoryRestHandlerMapping   : Mapped "{[/{repository}],methods=[GET],produces=[application/x-spring-data-compact+json || text/uri-list]}" onto public org.springframework.hateoas.Resources<?> org.springframework.data.rest.webmvc.RepositoryEntityController.getCollectionResourceCompact(org.springframework.data.rest.webmvc.RootResourceInformation,org.springframework.data.rest.webmvc.support.DefaultedPageable,org.springframework.data.domain.Sort,org.springframework.data.rest.webmvc.PersistentEntityResourceAssembler) throws org.springframework.data.rest.webmvc.ResourceNotFoundException,org.springframework.web.HttpRequestMethodNotSupportedException
2016-10-08 13:25:20.647  INFO 81361 --- [    Test worker] o.s.d.r.w.RepositoryRestHandlerMapping   : Mapped "{[/{repository}],methods=[POST],produces=[application/hal+json || application/json || application/*+json;charset=UTF-8]}" onto public org.springframework.http.ResponseEntity<org.springframework.hateoas.ResourceSupport> org.springframework.data.rest.webmvc.RepositoryEntityController.postCollectionResource(org.springframework.data.rest.webmvc.RootResourceInformation,org.springframework.data.rest.webmvc.PersistentEntityResource,org.springframework.data.rest.webmvc.PersistentEntityResourceAssembler,java.lang.String) throws org.springframework.web.HttpRequestMethodNotSupportedException
2016-10-08 13:25:20.647  INFO 81361 --- [    Test worker] o.s.d.r.w.RepositoryRestHandlerMapping   : Mapped "{[/{repository}/{id}],methods=[OPTIONS],produces=[application/hal+json || application/json || application/*+json;charset=UTF-8]}" onto public org.springframework.http.ResponseEntity<?> org.springframework.data.rest.webmvc.RepositoryEntityController.optionsForItemResource(org.springframework.data.rest.webmvc.RootResourceInformation)
2016-10-08 13:25:20.648  INFO 81361 --- [    Test worker] o.s.d.r.w.RepositoryRestHandlerMapping   : Mapped "{[/{repository}/{id}],methods=[HEAD],produces=[application/hal+json || application/json || application/*+json;charset=UTF-8]}" onto public org.springframework.http.ResponseEntity<?> org.springframework.data.rest.webmvc.RepositoryEntityController.headForItemResource(org.springframework.data.rest.webmvc.RootResourceInformation,java.io.Serializable,org.springframework.data.rest.webmvc.PersistentEntityResourceAssembler) throws org.springframework.web.HttpRequestMethodNotSupportedException
2016-10-08 13:25:20.648  INFO 81361 --- [    Test worker] o.s.d.r.w.RepositoryRestHandlerMapping   : Mapped "{[/{repository}/{id}],methods=[GET],produces=[application/hal+json || application/json || application/*+json;charset=UTF-8]}" onto public org.springframework.http.ResponseEntity<org.springframework.hateoas.Resource<?>> org.springframework.data.rest.webmvc.RepositoryEntityController.getItemResource(org.springframework.data.rest.webmvc.RootResourceInformation,java.io.Serializable,org.springframework.data.rest.webmvc.PersistentEntityResourceAssembler,org.springframework.util.MultiValueMap<java.lang.String, java.lang.String>) throws org.springframework.web.HttpRequestMethodNotSupportedException
2016-10-08 13:25:20.648  INFO 81361 --- [    Test worker] o.s.d.r.w.RepositoryRestHandlerMapping   : Mapped "{[/{repository}/{id}],methods=[PUT],produces=[application/hal+json || application/json || application/*+json;charset=UTF-8]}" onto public org.springframework.http.ResponseEntity<? extends org.springframework.hateoas.ResourceSupport> org.springframework.data.rest.webmvc.RepositoryEntityController.putItemResource(org.springframework.data.rest.webmvc.RootResourceInformation,org.springframework.data.rest.webmvc.PersistentEntityResource,java.io.Serializable,org.springframework.data.rest.webmvc.PersistentEntityResourceAssembler,org.springframework.data.rest.webmvc.support.ETag,java.lang.String) throws org.springframework.web.HttpRequestMethodNotSupportedException
2016-10-08 13:25:20.648  INFO 81361 --- [    Test worker] o.s.d.r.w.RepositoryRestHandlerMapping   : Mapped "{[/{repository}/{id}],methods=[PATCH],produces=[application/hal+json || application/json || application/*+json;charset=UTF-8]}" onto public org.springframework.http.ResponseEntity<org.springframework.hateoas.ResourceSupport> org.springframework.data.rest.webmvc.RepositoryEntityController.patchItemResource(org.springframework.data.rest.webmvc.RootResourceInformation,org.springframework.data.rest.webmvc.PersistentEntityResource,java.io.Serializable,org.springframework.data.rest.webmvc.PersistentEntityResourceAssembler,org.springframework.data.rest.webmvc.support.ETag,java.lang.String) throws org.springframework.web.HttpRequestMethodNotSupportedException,org.springframework.data.rest.webmvc.ResourceNotFoundException
2016-10-08 13:25:20.648  INFO 81361 --- [    Test worker] o.s.d.r.w.RepositoryRestHandlerMapping   : Mapped "{[/{repository}/{id}],methods=[DELETE],produces=[application/hal+json || application/json || application/*+json;charset=UTF-8]}" onto public org.springframework.http.ResponseEntity<?> org.springframework.data.rest.webmvc.RepositoryEntityController.deleteItemResource(org.springframework.data.rest.webmvc.RootResourceInformation,java.io.Serializable,org.springframework.data.rest.webmvc.support.ETag) throws org.springframework.data.rest.webmvc.ResourceNotFoundException,org.springframework.web.HttpRequestMethodNotSupportedException
2016-10-08 13:25:20.650  INFO 81361 --- [    Test worker] o.s.d.r.w.RepositoryRestHandlerMapping   : Mapped "{[/{repository}/{id}/{property}],methods=[GET],produces=[application/hal+json || application/json || application/*+json;charset=UTF-8]}" onto public org.springframework.http.ResponseEntity<org.springframework.hateoas.ResourceSupport> org.springframework.data.rest.webmvc.RepositoryPropertyReferenceController.followPropertyReference(org.springframework.data.rest.webmvc.RootResourceInformation,java.io.Serializable,java.lang.String,org.springframework.data.rest.webmvc.PersistentEntityResourceAssembler) throws java.lang.Exception
2016-10-08 13:25:20.650  INFO 81361 --- [    Test worker] o.s.d.r.w.RepositoryRestHandlerMapping   : Mapped "{[/{repository}/{id}/{property}/{propertyId}],methods=[GET],produces=[application/hal+json || application/json || application/*+json;charset=UTF-8]}" onto public org.springframework.http.ResponseEntity<org.springframework.hateoas.ResourceSupport> org.springframework.data.rest.webmvc.RepositoryPropertyReferenceController.followPropertyReference(org.springframework.data.rest.webmvc.RootResourceInformation,java.io.Serializable,java.lang.String,java.lang.String,org.springframework.data.rest.webmvc.PersistentEntityResourceAssembler) throws java.lang.Exception
2016-10-08 13:25:20.650  INFO 81361 --- [    Test worker] o.s.d.r.w.RepositoryRestHandlerMapping   : Mapped "{[/{repository}/{id}/{property}],methods=[DELETE],produces=[application/hal+json || application/json || application/*+json;charset=UTF-8]}" onto public org.springframework.http.ResponseEntity<? extends org.springframework.hateoas.ResourceSupport> org.springframework.data.rest.webmvc.RepositoryPropertyReferenceController.deletePropertyReference(org.springframework.data.rest.webmvc.RootResourceInformation,java.io.Serializable,java.lang.String) throws java.lang.Exception
2016-10-08 13:25:20.650  INFO 81361 --- [    Test worker] o.s.d.r.w.RepositoryRestHandlerMapping   : Mapped "{[/{repository}/{id}/{property}],methods=[GET],produces=[application/x-spring-data-compact+json || text/uri-list]}" onto public org.springframework.http.ResponseEntity<org.springframework.hateoas.ResourceSupport> org.springframework.data.rest.webmvc.RepositoryPropertyReferenceController.followPropertyReferenceCompact(org.springframework.data.rest.webmvc.RootResourceInformation,java.io.Serializable,java.lang.String,org.springframework.data.rest.webmvc.PersistentEntityResourceAssembler) throws java.lang.Exception
2016-10-08 13:25:20.651  INFO 81361 --- [    Test worker] o.s.d.r.w.RepositoryRestHandlerMapping   : Mapped "{[/{repository}/{id}/{property}],methods=[PATCH || PUT || POST],consumes=[application/json || application/x-spring-data-compact+json || text/uri-list],produces=[application/hal+json || application/json || application/*+json;charset=UTF-8]}" onto public org.springframework.http.ResponseEntity<? extends org.springframework.hateoas.ResourceSupport> org.springframework.data.rest.webmvc.RepositoryPropertyReferenceController.createPropertyReference(org.springframework.data.rest.webmvc.RootResourceInformation,org.springframework.http.HttpMethod,org.springframework.hateoas.Resources<java.lang.Object>,java.io.Serializable,java.lang.String) throws java.lang.Exception
2016-10-08 13:25:20.651  INFO 81361 --- [    Test worker] o.s.d.r.w.RepositoryRestHandlerMapping   : Mapped "{[/{repository}/{id}/{property}/{propertyId}],methods=[DELETE],produces=[application/hal+json || application/json || application/*+json;charset=UTF-8]}" onto public org.springframework.http.ResponseEntity<org.springframework.hateoas.ResourceSupport> org.springframework.data.rest.webmvc.RepositoryPropertyReferenceController.deletePropertyReferenceId(org.springframework.data.rest.webmvc.RootResourceInformation,java.io.Serializable,java.lang.String,java.lang.String) throws java.lang.Exception
2016-10-08 13:25:20.652  INFO 81361 --- [    Test worker] o.s.d.r.w.RepositoryRestHandlerMapping   : Mapped "{[/{repository}/search],methods=[HEAD],produces=[application/hal+json || application/json || application/*+json;charset=UTF-8]}" onto public org.springframework.http.HttpEntity<?> org.springframework.data.rest.webmvc.RepositorySearchController.headForSearches(org.springframework.data.rest.webmvc.RootResourceInformation)
2016-10-08 13:25:20.652  INFO 81361 --- [    Test worker] o.s.d.r.w.RepositoryRestHandlerMapping   : Mapped "{[/{repository}/search],methods=[GET],produces=[application/hal+json || application/json || application/*+json;charset=UTF-8]}" onto public org.springframework.data.rest.webmvc.RepositorySearchesResource org.springframework.data.rest.webmvc.RepositorySearchController.listSearches(org.springframework.data.rest.webmvc.RootResourceInformation)
2016-10-08 13:25:20.652  INFO 81361 --- [    Test worker] o.s.d.r.w.RepositoryRestHandlerMapping   : Mapped "{[/{repository}/search],methods=[OPTIONS],produces=[application/hal+json || application/json || application/*+json;charset=UTF-8]}" onto public org.springframework.http.HttpEntity<?> org.springframework.data.rest.webmvc.RepositorySearchController.optionsForSearches(org.springframework.data.rest.webmvc.RootResourceInformation)
2016-10-08 13:25:20.653  INFO 81361 --- [    Test worker] o.s.d.r.w.RepositoryRestHandlerMapping   : Mapped "{[/{repository}/search/{search}],methods=[GET],produces=[application/hal+json || application/json || application/*+json;charset=UTF-8]}" onto public org.springframework.http.ResponseEntity<java.lang.Object> org.springframework.data.rest.webmvc.RepositorySearchController.executeSearch(org.springframework.data.rest.webmvc.RootResourceInformation,org.springframework.util.MultiValueMap<java.lang.String, java.lang.Object>,java.lang.String,org.springframework.data.rest.webmvc.support.DefaultedPageable,org.springframework.data.domain.Sort,org.springframework.data.rest.webmvc.PersistentEntityResourceAssembler)
2016-10-08 13:25:20.653  INFO 81361 --- [    Test worker] o.s.d.r.w.RepositoryRestHandlerMapping   : Mapped "{[/{repository}/search/{search}],methods=[GET],produces=[application/x-spring-data-compact+json]}" onto public org.springframework.hateoas.ResourceSupport org.springframework.data.rest.webmvc.RepositorySearchController.executeSearchCompact(org.springframework.data.rest.webmvc.RootResourceInformation,org.springframework.util.MultiValueMap<java.lang.String, java.lang.Object>,java.lang.String,java.lang.String,org.springframework.data.rest.webmvc.support.DefaultedPageable,org.springframework.data.domain.Sort,org.springframework.data.rest.webmvc.PersistentEntityResourceAssembler)
2016-10-08 13:25:20.653  INFO 81361 --- [    Test worker] o.s.d.r.w.RepositoryRestHandlerMapping   : Mapped "{[/{repository}/search/{search}],methods=[OPTIONS],produces=[application/hal+json || application/json || application/*+json;charset=UTF-8]}" onto public org.springframework.http.ResponseEntity<java.lang.Object> org.springframework.data.rest.webmvc.RepositorySearchController.optionsForSearch(org.springframework.data.rest.webmvc.RootResourceInformation,java.lang.String)
2016-10-08 13:25:20.653  INFO 81361 --- [    Test worker] o.s.d.r.w.RepositoryRestHandlerMapping   : Mapped "{[/{repository}/search/{search}],methods=[HEAD],produces=[application/hal+json || application/json || application/*+json;charset=UTF-8]}" onto public org.springframework.http.ResponseEntity<java.lang.Object> org.springframework.data.rest.webmvc.RepositorySearchController.headForSearch(org.springframework.data.rest.webmvc.RootResourceInformation,java.lang.String)
2016-10-08 13:25:20.655  INFO 81361 --- [    Test worker] o.s.d.r.w.BasePathAwareHandlerMapping    : Mapped "{[/profile/{repository}],methods=[OPTIONS],produces=[application/alps+json]}" onto org.springframework.http.HttpEntity<?> org.springframework.data.rest.webmvc.alps.AlpsController.alpsOptions()
2016-10-08 13:25:20.656  INFO 81361 --- [    Test worker] o.s.d.r.w.BasePathAwareHandlerMapping    : Mapped "{[/profile/{repository}],methods=[GET],produces=[application/alps+json || */*]}" onto org.springframework.http.HttpEntity<org.springframework.data.rest.webmvc.RootResourceInformation> org.springframework.data.rest.webmvc.alps.AlpsController.descriptor(org.springframework.data.rest.webmvc.RootResourceInformation)
2016-10-08 13:25:20.656  INFO 81361 --- [    Test worker] o.s.d.r.w.BasePathAwareHandlerMapping    : Mapped "{[/profile],methods=[OPTIONS]}" onto public org.springframework.http.HttpEntity<?> org.springframework.data.rest.webmvc.ProfileController.profileOptions()
2016-10-08 13:25:20.656  INFO 81361 --- [    Test worker] o.s.d.r.w.BasePathAwareHandlerMapping    : Mapped "{[/profile],methods=[GET]}" onto org.springframework.http.HttpEntity<org.springframework.hateoas.ResourceSupport> org.springframework.data.rest.webmvc.ProfileController.listAllFormsOfMetadata()
2016-10-08 13:25:20.656  INFO 81361 --- [    Test worker] o.s.d.r.w.BasePathAwareHandlerMapping    : Mapped "{[/profile/{repository}],methods=[GET],produces=[application/schema+json]}" onto public org.springframework.http.HttpEntity<org.springframework.data.rest.webmvc.json.JsonSchema> org.springframework.data.rest.webmvc.RepositorySchemaController.schema(org.springframework.data.rest.webmvc.RootResourceInformation)
2016-10-08 13:25:20.666  INFO 81361 --- [    Test worker] .m.m.a.ExceptionHandlerExceptionResolver : Detected @ExceptionHandler methods in repositoryRestExceptionHandler
2016-10-08 13:25:20.841  INFO 81361 --- [    Test worker] o.h.h.i.QueryTranslatorFactoryInitiator  : HHH000397: Using ASTQueryTranslatorFactory
Hibernate: select superadmin0_.user_id as user_id1_3_, superadmin0_.admin_number as admin_nu2_3_, superadmin0_.password as password3_3_ from super_admin superadmin0_
Hibernate: select applicatio0_.id as id1_1_, applicatio0_.application_status as applicat2_1_, applicatio0_.registration_status as registra3_1_ from application applicatio0_
2016-10-08 13:25:20.963  INFO 81361 --- [    Test worker] z.a.k.TlharihaniApplicationTests         : Started TlharihaniApplicationTests in 4.61 seconds (JVM running for 5.357)
]]></system-out>
  <system-err><![CDATA[Sat Oct 08 13:25:18 SAST 2016 WARN: Establishing SSL connection without server's identity verification is not recommended. According to MySQL 5.5.45+, 5.6.26+ and 5.7.6+ requirements SSL connection must be established by default if explicit option isn't set. For compliance with existing applications not using SSL the verifyServerCertificate property is set to 'false'. You need either to explicitly disable SSL by setting useSSL=false, or set useSSL=true and provide truststore for server certificate verification.
Sat Oct 08 13:25:19 SAST 2016 WARN: Establishing SSL connection without server's identity verification is not recommended. According to MySQL 5.5.45+, 5.6.26+ and 5.7.6+ requirements SSL connection must be established by default if explicit option isn't set. For compliance with existing applications not using SSL the verifyServerCertificate property is set to 'false'. You need either to explicitly disable SSL by setting useSSL=false, or set useSSL=true and provide truststore for server certificate verification.
Sat Oct 08 13:25:19 SAST 2016 WARN: Establishing SSL connection without server's identity verification is not recommended. According to MySQL 5.5.45+, 5.6.26+ and 5.7.6+ requirements SSL connection must be established by default if explicit option isn't set. For compliance with existing applications not using SSL the verifyServerCertificate property is set to 'false'. You need either to explicitly disable SSL by setting useSSL=false, or set useSSL=true and provide truststore for server certificate verification.
Sat Oct 08 13:25:19 SAST 2016 WARN: Establishing SSL connection without server's identity verification is not recommended. According to MySQL 5.5.45+, 5.6.26+ and 5.7.6+ requirements SSL connection must be established by default if explicit option isn't set. For compliance with existing applications not using SSL the verifyServerCertificate property is set to 'false'. You need either to explicitly disable SSL by setting useSSL=false, or set useSSL=true and provide truststore for server certificate verification.
Sat Oct 08 13:25:19 SAST 2016 WARN: Establishing SSL connection without server's identity verification is not recommended. According to MySQL 5.5.45+, 5.6.26+ and 5.7.6+ requirements SSL connection must be established by default if explicit option isn't set. For compliance with existing applications not using SSL the verifyServerCertificate property is set to 'false'. You need either to explicitly disable SSL by setting useSSL=false, or set useSSL=true and provide truststore for server certificate verification.
Sat Oct 08 13:25:19 SAST 2016 WARN: Establishing SSL connection without server's identity verification is not recommended. According to MySQL 5.5.45+, 5.6.26+ and 5.7.6+ requirements SSL connection must be established by default if explicit option isn't set. For compliance with existing applications not using SSL the verifyServerCertificate property is set to 'false'. You need either to explicitly disable SSL by setting useSSL=false, or set useSSL=true and provide truststore for server certificate verification.
Sat Oct 08 13:25:19 SAST 2016 WARN: Establishing SSL connection without server's identity verification is not recommended. According to MySQL 5.5.45+, 5.6.26+ and 5.7.6+ requirements SSL connection must be established by default if explicit option isn't set. For compliance with existing applications not using SSL the verifyServerCertificate property is set to 'false'. You need either to explicitly disable SSL by setting useSSL=false, or set useSSL=true and provide truststore for server certificate verification.
Sat Oct 08 13:25:19 SAST 2016 WARN: Establishing SSL connection without server's identity verification is not recommended. According to MySQL 5.5.45+, 5.6.26+ and 5.7.6+ requirements SSL connection must be established by default if explicit option isn't set. For compliance with existing applications not using SSL the verifyServerCertificate property is set to 'false'. You need either to explicitly disable SSL by setting useSSL=false, or set useSSL=true and provide truststore for server certificate verification.
Sat Oct 08 13:25:19 SAST 2016 WARN: Establishing SSL connection without server's identity verification is not recommended. According to MySQL 5.5.45+, 5.6.26+ and 5.7.6+ requirements SSL connection must be established by default if explicit option isn't set. For compliance with existing applications not using SSL the verifyServerCertificate property is set to 'false'. You need either to explicitly disable SSL by setting useSSL=false, or set useSSL=true and provide truststore for server certificate verification.
Sat Oct 08 13:25:19 SAST 2016 WARN: Establishing SSL connection without server's identity verification is not recommended. According to MySQL 5.5.45+, 5.6.26+ and 5.7.6+ requirements SSL connection must be established by default if explicit option isn't set. For compliance with existing applications not using SSL the verifyServerCertificate property is set to 'false'. You need either to explicitly disable SSL by setting useSSL=false, or set useSSL=true and provide truststore for server certificate verification.
]]></system-err>
</testsuite>
